<?xml version="1.0" encoding="UTF-8"?>
<!-- Generated by org.testng.reporters.JUnitReportReporter -->
<testsuite hostname="DH0PB7D3" failures="0" tests="2" name="testClass.test" time="12.401" errors="0" timestamp="2022-02-25T05:16:15 IST" skipped="0">
  <testcase classname="testClass.test" name="testLoginHomePage" time="9.022"/>
  <system-out/>
  <testcase classname="testClass.test" name="logoutApp" time="3.379"/>
  <system-out/>
</testsuite> <!-- testClass.test -->
